/Users/bill/.openclaw/workspace/mission-control/venv/lib/python3.9/site-packages/urllib3/__init__.py:35: NotOpenSSLWarning: urllib3 v2 only supports OpenSSL 1.1.1+, currently the 'ssl' module is compiled with 'LibreSSL 2.8.3'. See: https://github.com/urllib3/urllib3/issues/3020
  warnings.warn(
Starting Mission Control v1...
Port 8888 is in use, using port 8889 instead...
Dashboard available at: http://localhost:8889
 * Serving Flask app 'server'
 * Debug mode: off
[31m[1mWARNING: This is a development server. Do not use it in a production deployment. Use a production WSGI server instead.[0m
 * Running on http://127.0.0.1:8889
[33mPress CTRL+C to quit[0m
127.0.0.1 - - [22/Feb/2026 17:30:42] "GET /api/status HTTP/1.1" 200 -
Installing dependencies...
Requirement already satisfied: flask>=2.3.0 in ./venv/lib/python3.9/site-packages (from -r requirements.txt (line 1)) (3.1.2)
Requirement already satisfied: psutil>=5.9.0 in ./venv/lib/python3.9/site-packages (from -r requirements.txt (line 2)) (7.2.2)
Requirement already satisfied: requests>=2.28.0 in ./venv/lib/python3.9/site-packages (from -r requirements.txt (line 3)) (2.32.5)
Requirement already satisfied: werkzeug>=3.1.0 in ./venv/lib/python3.9/site-packages (from flask>=2.3.0->-r requirements.txt (line 1)) (3.1.5)
Requirement already satisfied: importlib-metadata>=3.6.0 in ./venv/lib/python3.9/site-packages (from flask>=2.3.0->-r requirements.txt (line 1)) (8.7.1)
Requirement already satisfied: itsdangerous>=2.2.0 in ./venv/lib/python3.9/site-packages (from flask>=2.3.0->-r requirements.txt (line 1)) (2.2.0)
Requirement already satisfied: markupsafe>=2.1.1 in ./venv/lib/python3.9/site-packages (from flask>=2.3.0->-r requirements.txt (line 1)) (3.0.3)
Requirement already satisfied: blinker>=1.9.0 in ./venv/lib/python3.9/site-packages (from flask>=2.3.0->-r requirements.txt (line 1)) (1.9.0)
Requirement already satisfied: click>=8.1.3 in ./venv/lib/python3.9/site-packages (from flask>=2.3.0->-r requirements.txt (line 1)) (8.1.8)
Requirement already satisfied: jinja2>=3.1.2 in ./venv/lib/python3.9/site-packages (from flask>=2.3.0->-r requirements.txt (line 1)) (3.1.6)
Requirement already satisfied: charset_normalizer<4,>=2 in ./venv/lib/python3.9/site-packages (from requests>=2.28.0->-r requirements.txt (line 3)) (3.4.4)
Requirement already satisfied: urllib3<3,>=1.21.1 in ./venv/lib/python3.9/site-packages (from requests>=2.28.0->-r requirements.txt (line 3)) (2.6.3)
Requirement already satisfied: idna<4,>=2.5 in ./venv/lib/python3.9/site-packages (from requests>=2.28.0->-r requirements.txt (line 3)) (3.11)
Requirement already satisfied: certifi>=2017.4.17 in ./venv/lib/python3.9/site-packages (from requests>=2.28.0->-r requirements.txt (line 3)) (2026.1.4)
Requirement already satisfied: zipp>=3.20 in ./venv/lib/python3.9/site-packages (from importlib-metadata>=3.6.0->flask>=2.3.0->-r requirements.txt (line 1)) (3.23.0)
Starting Mission Control v1...
Dashboard available at: http://localhost:8888
Starting Mission Control v1...
Dashboard available at: http://localhost:8888
 * Serving Flask app 'server'
 * Debug mode: off
Installing dependencies...
Requirement already satisfied: flask>=2.3.0 in ./venv/lib/python3.9/site-packages (from -r requirements.txt (line 1)) (3.1.2)
Requirement already satisfied: psutil>=5.9.0 in ./venv/lib/python3.9/site-packages (from -r requirements.txt (line 2)) (7.2.2)
Requirement already satisfied: requests>=2.28.0 in ./venv/lib/python3.9/site-packages (from -r requirements.txt (line 3)) (2.32.5)
Requirement already satisfied: blinker>=1.9.0 in ./venv/lib/python3.9/site-packages (from flask>=2.3.0->-r requirements.txt (line 1)) (1.9.0)
Requirement already satisfied: importlib-metadata>=3.6.0 in ./venv/lib/python3.9/site-packages (from flask>=2.3.0->-r requirements.txt (line 1)) (8.7.1)
Requirement already satisfied: werkzeug>=3.1.0 in ./venv/lib/python3.9/site-packages (from flask>=2.3.0->-r requirements.txt (line 1)) (3.1.5)
Requirement already satisfied: click>=8.1.3 in ./venv/lib/python3.9/site-packages (from flask>=2.3.0->-r requirements.txt (line 1)) (8.1.8)
Requirement already satisfied: itsdangerous>=2.2.0 in ./venv/lib/python3.9/site-packages (from flask>=2.3.0->-r requirements.txt (line 1)) (2.2.0)
Requirement already satisfied: markupsafe>=2.1.1 in ./venv/lib/python3.9/site-packages (from flask>=2.3.0->-r requirements.txt (line 1)) (3.0.3)
Requirement already satisfied: jinja2>=3.1.2 in ./venv/lib/python3.9/site-packages (from flask>=2.3.0->-r requirements.txt (line 1)) (3.1.6)
Requirement already satisfied: idna<4,>=2.5 in ./venv/lib/python3.9/site-packages (from requests>=2.28.0->-r requirements.txt (line 3)) (3.11)
Requirement already satisfied: certifi>=2017.4.17 in ./venv/lib/python3.9/site-packages (from requests>=2.28.0->-r requirements.txt (line 3)) (2026.1.4)
Requirement already satisfied: charset_normalizer<4,>=2 in ./venv/lib/python3.9/site-packages (from requests>=2.28.0->-r requirements.txt (line 3)) (3.4.4)
Requirement already satisfied: urllib3<3,>=1.21.1 in ./venv/lib/python3.9/site-packages (from requests>=2.28.0->-r requirements.txt (line 3)) (2.6.3)
Requirement already satisfied: zipp>=3.20 in ./venv/lib/python3.9/site-packages (from importlib-metadata>=3.6.0->flask>=2.3.0->-r requirements.txt (line 1)) (3.23.0)
Starting Mission Control v1...
Dashboard available at: http://localhost:8888
Starting Mission Control v1...
Dashboard available at: http://localhost:8888
 * Serving Flask app 'server'
 * Debug mode: off
